
ROM used:   42/2048 (2%)
            42/2048 (2%) including unused fragments

            0.1 Average locations per line
            4.7 Average locations per statement

RAM used:   6/224 (3%) at main() level
            6/224 (3%) worst case

Stack used: 0 worst case (0 in main + 0 for interrupts)
Stack size: 8

Lines Stmts  %   Files
----- ----- ---  -----
   24     9 100  exemplo2.c
   17     0   0  exemplo2.h
  529     0   0  ..\..\..\Desenvolvimento IDE's\PIC Compiler -  CCS v.5.076\PICC\Devices\16F628A.h
----- -----
  570     9 Total

Page ROM  %  RAM    Vol Diff  Functions:
---- --- --- ---    --- ----  ----------
0     38  90    1    149  2.6  main
 Inline         0             @cinit1

Program metrics:
    Functions               1
    Statements              9
    Comments                103
    Volume (V)              152
    Difficulty (D)          2.4
    Effort to implement (E) 370
    Time to implement (T)   0 minutes
    Est Delivered Bugs (B)  0
    Cyclomatic Complexity   2
    Maintainability (MI)    108

 Segment     Used  Free
-----------  ----  ----
00000-00003     4  0  
00004-007FF    38  2006  



