
ROM used:   254/2048 (12%)
            254/2048 (12%) including unused fragments

            0.4 Average locations per line
            5.4 Average locations per statement

RAM used:   41/224 (18%) at main() level
            41/224 (18%) worst case

Stack used: 1 worst case (0 in main + 1 for interrupts)
Stack size: 8

Lines Stmts  %   Files
----- ----- ---  -----
  108    47 100  p1-yuriduarte.c
   20     0   0  p1-yuriduarte.h
  529     0   0  ..\..\..\Desenvolvimento IDE's\PIC Compiler -  CCS v.5.076\PICC\Devices\16F628A.h
----- -----
  657    47 Total

Page ROM  %  RAM    Vol Diff  Functions:
---- --- --- ---    --- ----  ----------
0     19   7    0     93  3.3  TIMER0_isr
0    188  74    1   1105  8.3  MAIN
 Inline         0             @cinit1

Program metrics:
    Functions               2
    Statements              47
    Comments                104
    Volume (V)              1305
    Difficulty (D)          11.7
    Effort to implement (E) 15308
    Time to implement (T)   14 minutes
    Est Delivered Bugs (B)  0
    Cyclomatic Complexity   13
    Maintainability (MI)    35

 Segment     Used  Free
-----------  ----  ----
00000-00003     4  0  
00004-0002E    43  0  
0002F-007FF   207  1794  



