
ROM used:   151/8192 (2%)
            151/8192 (2%) including unused fragments

            0.2 Average locations per line
            4.6 Average locations per statement

RAM used:   13/368 (4%) at main() level
            13/368 (4%) worst case

Stack used: 1 worst case (1 in main + 0 for interrupts)
Stack size: 8

Lines Stmts  %   Files
----- ----- ---  -----
  119    33 100  serialtank.c
   19     0   0  serialtank.h
  684     0   0  ..\..\..\Desenvolvimento IDE's\PIC Compiler -  CCS v.5.076\PICC\Devices\16F877A.h
----- -----
  822    33 Total

Page ROM  %  RAM    Vol Diff  Functions:
---- --- --- ---    --- ----  ----------
0     76  50    1    407  3.7  main
0      9   6    1     42  1.1  setValvula
0      9   6    1     42  1.1  setHeater
0     11   7    0     32  1.2  isCheio
0     14   9    0     32  1.2  getTemperatura
0      9   6    1     42  1.1  setDespeja
0     19  13    1     74  2.6  isVazio
 Inline         0     74  2.6  @cinit1

Program metrics:
    Functions               8
    Statements              33
    Comments                136
    Volume (V)              1181
    Difficulty (D)          15.6
    Effort to implement (E) 18482
    Time to implement (T)   17 minutes
    Est Delivered Bugs (B)  0
    Cyclomatic Complexity   5
    Maintainability (MI)    127

 Segment     Used  Free
-----------  ----  ----
00000-00003     4  0  
00004-007FF   147  1897  
00800-00FFF     0  2048  
01000-017FF     0  2048  
01800-01FFF     0  2048  



