
ROM used:   1121/8192 (14%)
            1121/8192 (14%) including unused fragments

            1.2 Average locations per line
            10.6 Average locations per statement

RAM used:   37/368 (10%) at main() level
            51/368 (14%) worst case

Stack used: 4 worst case (3 in main + 1 for interrupts)
Stack size: 8

Lines Stmts  %   Files
----- ----- ---  -----
   91    53  50  TXrs232.c
   26     0   0  TXrs232.h
  684     0   0  ..\..\..\Desenvolvimento IDE's\PIC Compiler -  CCS v.5.076\PICC\Devices\16F877A.h
  127    53  50  lcd_8bits.c
----- -----
  928   106 Total

Page ROM  %  RAM    Vol Diff  Functions:
---- --- --- ---    --- ----  ----------
0     21   2    1             @delay_ms1
0     51   5    2    294  4.3  output
0     30   3    1    154  1.8  lcd_write_cmd
 Inline         1    154  1.8  lcd_write_dat
0     31   3    0    179  1.4  lcd_init
0     16   1    4    196  6.1  lcd_gotoxy
0     19   2    1    197  3.6  TIMER0_isr
0    381  34    2   1398  4.4  MAIN
0     29   3    2             @ITOF
0    117  10   13             @MULFF
0     31   3    4             @SFTOI
0    127  11    9             @PRINTF_LU_643
0      7   1    0             @const684
0     91   8    5             @PSTRINGCN7_9600_62_63
0     91   8    9             @PRINTF_LU_9600_62_63
 Inline         0             @cinit1

Program metrics:
    Functions               7
    Statements              106
    Comments                171
    Volume (V)              3690
    Difficulty (D)          22.1
    Effort to implement (E) 81482
    Time to implement (T)   1 hours, 15 minutes
    Est Delivered Bugs (B)  1
    Cyclomatic Complexity   11
    Maintainability (MI)    143

 Segment     Used  Free
-----------  ----  ----
00000-00003     4  0  
00004-0004E    75  0  
0004F-007FF  1042  927  
00800-00FFF     0  2048  
01000-017FF     0  2048  
01800-01FFF     0  2048  



