
ROM used:   221/8192 (3%)
            221/8192 (3%) including unused fragments

            0.2 Average locations per line
            1.7 Average locations per statement

RAM used:   19/368 (5%) at main() level
            20/368 (5%) worst case

Stack used: 0 worst case (0 in main + 0 for interrupts)
Stack size: 8

Lines Stmts  %   Files
----- ----- ---  -----
   64    49  37  programa1.c
   22     0   0  programa1.h
  684     0   0  ..\..\..\Desenvolvimento IDE's\PIC Compiler -  CCS v.5.076\PICC\Devices\16F877A.h
  456    84  63  ..\..\..\Desenvolvimento IDE's\PIC Compiler -  CCS v.5.076\PICC\Drivers\lcd.c
----- -----
 1226   133 Total

Page ROM  %  RAM    Vol Diff  Functions:
---- --- --- ---    --- ----  ----------
 Inline         1    528  2.4  set
0    146  66    0    489  4.7  TIMER0_isr
0     28  13    0     88  2.0  MAIN
 Inline         0             @cinit1

Program metrics:
    Functions               3
    Statements              133
    Comments                223
    Volume (V)              1391
    Difficulty (D)          9.2
    Effort to implement (E) 12866
    Time to implement (T)   12 minutes
    Est Delivered Bugs (B)  0
    Cyclomatic Complexity   16
    Maintainability (MI)    112

 Segment     Used  Free
-----------  ----  ----
00000-00003     4  0  
00004-0002E    43  0  
0002F-007FF   174  1827  
00800-00FFF     0  2048  
01000-017FF     0  2048  
01800-01FFF     0  2048  



