
ROM used:   2310/8192 (28%)
            2945/8192 (36%) including unused fragments

            2.3 Average locations per line
            15.1 Average locations per statement

RAM used:   47/368 (13%) at main() level
            69/368 (19%) worst case

Stack used: 4 worst case (3 in main + 1 for interrupts)
Stack size: 8

Lines Stmts  %   Files
----- ----- ---  -----
  194   100  65  programa11.c
   19     0   0  programa11.h
  684     0   0  ..\..\..\Desenvolvimento IDE's\PIC Compiler -  CCS v.5.076\PICC\Devices\16F877A.h
  127    53  35  lcd_8bits.c
----- -----
 1024   153 Total

Page ROM  %  RAM    Vol Diff  Functions:
---- --- --- ---    --- ----  ----------
0     20   1    1             @delay_ms1
0     52   2    2    294  4.3  output
0     32   1    1    154  1.8  lcd_write_cmd
0     32   1    1    154  1.8  lcd_write_dat
0     31   1    0    179  1.4  lcd_init
0     16   1    4    196  6.1  lcd_gotoxy
0     16   1    0     82  2.8  TIMER0_isr
1    897  39    4   3794 10.3  MAIN
0      3   0    0             @const675
0     86   4    4             @PSTRINGC7_643
0      3   0    0             @const680
0    117   5   13             @MULFF
 Inline         5             @FTOSD
0     79   3   13             @DIV3232
0    224  10   13             @PRINTF_L32D_643FPFPF
0      3   0    0             @const693
0      3   0    0             @const694
0      3   0    0             @const695
0     63   3   10             @FLT
0    321  14   16             @ADDFF
0      3   0    0             @const704
0      3   0    0             @const705
0     29   1    2             @ITOF
0      4   0    0             @const708
0     87   4    5             @PSTRINGCN7_643
0     99   4    9             @PRINTF_LU_643
0      5   0    0             @const715
 Inline         0             @cinit1

Program metrics:
    Functions               7
    Statements              153
    Comments                167
    Volume (V)              6134
    Difficulty (D)          26.7
    Effort to implement (E) 164060
    Time to implement (T)   2 hours, 32 minutes
    Est Delivered Bugs (B)  1
    Cyclomatic Complexity   28
    Maintainability (MI)    133

 Segment     Used  Free
-----------  ----  ----
00000-00003     4  0  
00004-0004E    75  0  
0004F-007FF  1334  635  
00800-00FFF   897  1151  
01000-017FF     0  2048  
01800-01FFF     0  2048  



