
ROM used:   871/8192 (11%)
            871/8192 (11%) including unused fragments

            0.9 Average locations per line
            8.3 Average locations per statement

RAM used:   33/368 (9%) at main() level
            47/368 (13%) worst case

Stack used: 4 worst case (3 in main + 1 for interrupts)
Stack size: 8

Lines Stmts  %   Files
----- ----- ---  -----
   92    52  50  pwm_heater_cooler.c
   25     0   0  pwm_heater_cooler.h
  684     0   0  ..\..\..\Desenvolvimento IDE's\PIC Compiler -  CCS v.5.076\PICC\Devices\16F877A.h
  127    53  50  lcd_8bits.c
----- -----
  928   105 Total

Page ROM  %  RAM    Vol Diff  Functions:
---- --- --- ---    --- ----  ----------
0     21   2    1             @delay_ms1
0     51   6    2    294  4.3  output
0     30   3    1    154  1.8  lcd_write_cmd
 Inline         1    154  1.8  lcd_write_dat
0     31   4    0    179  1.4  lcd_init
0     16   2    4    196  6.1  lcd_gotoxy
0     19   2    1    197  3.6  TIMER0_isr
0    352  40    2   1350  4.4  MAIN
0     29   3    2             @ITOF
0    117  13   13             @MULFF
0     31   4    4             @SFTOI
0    127  15    9             @PRINTF_LU_642
 Inline         0             @cinit1

Program metrics:
    Functions               7
    Statements              105
    Comments                171
    Volume (V)              3627
    Difficulty (D)          22.4
    Effort to implement (E) 81093
    Time to implement (T)   1 hours, 15 minutes
    Est Delivered Bugs (B)  1
    Cyclomatic Complexity   11
    Maintainability (MI)    143

 Segment     Used  Free
-----------  ----  ----
00000-00003     4  0  
00004-0002E    43  0  
0002F-007FF   824  1177  
00800-00FFF     0  2048  
01000-017FF     0  2048  
01800-01FFF     0  2048  



