
ROM used:   420/8192 (5%)
            420/8192 (5%) including unused fragments

            0.5 Average locations per line
            4.9 Average locations per statement

RAM used:   29/368 (8%) at main() level
            38/368 (10%) worst case

Stack used: 4 worst case (3 in main + 1 for interrupts)
Stack size: 8

Lines Stmts  %   Files
----- ----- ---  -----
   74    32  38  rx232_lcd.c
   14     0   0  rx232_lcd.h
  684     0   0  ..\..\..\Desenvolvimento IDE's\PIC Compiler -  CCS v.5.076\PICC\Devices\16F877A.h
  127    53  62  lcd_8bits.c
----- -----
  899    85 Total

Page ROM  %  RAM    Vol Diff  Functions:
---- --- --- ---    --- ----  ----------
0     21   5    1             @delay_ms1
0     52  12    2    294  4.3  output
0     30   7    1    154  1.8  lcd_write_cmd
 Inline         1    154  1.8  lcd_write_dat
0     31   7    0    179  1.4  lcd_init
0     16   4    4    196  6.1  lcd_gotoxy
0     77  18    2    293  4.1  RDA_isr
 Inline         2      5  1.0  @MUL88
0      4   1    0      5  1.0  TIMER0_isr
0     83  20    0    594  4.2  MAIN
0     50  12    2             @PSTRINGR_644
 Inline         0             @cinit1

Program metrics:
    Functions               9
    Statements              85
    Comments                165
    Volume (V)              2921
    Difficulty (D)          24.6
    Effort to implement (E) 71750
    Time to implement (T)   1 hours, 6 minutes
    Est Delivered Bugs (B)  1
    Cyclomatic Complexity   11
    Maintainability (MI)    121

 Segment     Used  Free
-----------  ----  ----
00000-00003     4  0  
00004-00037    52  0  
00038-007FF   364  1628  
00800-00FFF     0  2048  
01000-017FF     0  2048  
01800-01FFF     0  2048  



