
ROM used:   37/2048 (2%)
            37/2048 (2%) including unused fragments

            0.1 Average locations per line
            4.6 Average locations per statement

RAM used:   7/224 (3%) at main() level
            7/224 (3%) worst case

Stack used: 0 worst case (0 in main + 0 for interrupts)
Stack size: 8

Lines Stmts  %   Files
----- ----- ---  -----
   26     8 100  main.c
   18     0   0  main.h
  529     0   0  ..\..\..\Desenvolvimento IDE's\PIC Compiler -  CCS v.5.076\PICC\Devices\16F628A.h
----- -----
  573     8 Total

Page ROM  %  RAM    Vol Diff  Functions:
---- --- --- ---    --- ----  ----------
0     33  89    1    119  2.9  main
 Inline         0             @cinit1

Program metrics:
    Functions               1
    Statements              8
    Comments                103
    Volume (V)              121
    Difficulty (D)          2.7
    Effort to implement (E) 326
    Time to implement (T)   0 minutes
    Est Delivered Bugs (B)  0
    Cyclomatic Complexity   1
    Maintainability (MI)    111

 Segment     Used  Free
-----------  ----  ----
00000-00003     4  0  
00004-007FF    33  2011  



