
ROM used:   463/8192 (6%)
            463/8192 (6%) including unused fragments

            0.6 Average locations per line
            9.9 Average locations per statement

RAM used:   30/368 (8%) at main() level
            39/368 (11%) worst case

Stack used: 2 worst case (0 in main + 2 for interrupts)
Stack size: 8

Lines Stmts  %   Files
----- ----- ---  -----
   99    47 100  programa1.c
   20     0   0  programa1.h
  684     0   0  ..\..\..\Desenvolvimento IDE's\PIC Compiler -  CCS v.5.076\PICC\Devices\16F877A.h
----- -----
  803    47 Total

Page ROM  %  RAM    Vol Diff  Functions:
---- --- --- ---    --- ----  ----------
 Inline         4    359  3.6  extrai_numero
0     37   8    5    250  3.1  @DIV1616
0     21   5    5    776  5.3  @MUL1616
0     37   8    2    209  3.5  @MUL88
0    253  55    1    776  5.3  TIMER0_isr
0     68  15    0    209  3.5  MAIN
 Inline         0             @cinit1

Program metrics:
    Functions               6
    Statements              47
    Comments                123
    Volume (V)              3723
    Difficulty (D)          24.6
    Effort to implement (E) 91552
    Time to implement (T)   1 hours, 25 minutes
    Est Delivered Bugs (B)  1
    Cyclomatic Complexity   18
    Maintainability (MI)    137

 Segment     Used  Free
-----------  ----  ----
00000-00003     4  0  
00004-0002E    43  0  
0002F-007FF   416  1585  
00800-00FFF     0  2048  
01000-017FF     0  2048  
01800-01FFF     0  2048  



