
ROM used:   2031/8192 (25%)
            2031/8192 (25%) including unused fragments

            1.9 Average locations per line
            12.1 Average locations per statement

RAM used:   131/368 (36%) at main() level
            144/368 (39%) worst case

Stack used: 4 worst case (3 in main + 1 for interrupts)
Stack size: 8

Lines Stmts  %   Files
----- ----- ---  -----
  245   115  68  led_sequencial.c
   26     0   0  led_sequencial.h
  684     0   0  ..\..\..\Desenvolvimento IDE's\PIC Compiler -  CCS v.5.076\PICC\Devices\16F877A.h
  127    53  32  lcd_8bits.c
----- -----
 1082   168 Total

Page ROM  %  RAM    Vol Diff  Functions:
---- --- --- ---    --- ----  ----------
0     20   1    1             @delay_ms1
0     54   3    2    294  4.3  output
0     34   2    1    154  1.8  lcd_write_cmd
0     34   2    1    154  1.8  lcd_write_dat
0     47   2    0    179  1.4  lcd_init
0     18   1    4    196  6.1  lcd_gotoxy
0     27   1    0    170  3.1  TIMER0_isr
0    817  40    4   2481  9.4  MAIN
0      5   0    0             @const686
0    116   6    4             @PSTRINGC7_643
0    103   5    9             @PRINTF_LU_643
0     31   2    2             @ITOF
0    119   6   13             @MULFF
0     33   2    4             @SFTOI
0      6   0    0             @const702
0    122   6    5             @PSTRINGCN7_643
0    206  10   14             @DIVFF
0      5   0    0             @const708
0      5   0    0             @const709
0      6   0    0   1125  5.3  @const712
0    144   7    1   1075  4.9  muda_leds
 Inline         0    587  4.8  @cinit1

Program metrics:
    Functions               10
    Statements              168
    Comments                169
    Volume (V)              9356
    Difficulty (D)          41.4
    Effort to implement (E) 387036
    Time to implement (T)   5 hours, 58 minutes
    Est Delivered Bugs (B)  2
    Cyclomatic Complexity   49
    Maintainability (MI)    93

 Segment     Used  Free
-----------  ----  ----
00000-00003     4  0  
00004-0004E    75  0  
0004F-007FF  1952  17  
00800-00FFF     0  2048  
01000-017FF     0  2048  
01800-01FFF     0  2048  



