
ROM used:   44/2048 (2%)
            44/2048 (2%) including unused fragments

            0.1 Average locations per line
            4.4 Average locations per statement

RAM used:   7/224 (3%) at main() level
            7/224 (3%) worst case

Stack used: 0 worst case (0 in main + 0 for interrupts)
Stack size: 8

Lines Stmts  %   Files
----- ----- ---  -----
   29    10 100  ledcom1btn.c
   17     0   0  ledcom1btn.h
  529     0   0  ..\..\..\Desenvolvimento IDE's\PIC Compiler -  CCS v.5.076\PICC\Devices\16F628A.h
----- -----
  575    10 Total

Page ROM  %  RAM    Vol Diff  Functions:
---- --- --- ---    --- ----  ----------
0     40  91    1    226  4.5  main
 Inline         0             @cinit1

Program metrics:
    Functions               1
    Statements              10
    Comments                103
    Volume (V)              228
    Difficulty (D)          4.3
    Effort to implement (E) 977
    Time to implement (T)   1 minutes
    Est Delivered Bugs (B)  0
    Cyclomatic Complexity   3
    Maintainability (MI)    104

 Segment     Used  Free
-----------  ----  ----
00000-00003     4  0  
00004-007FF    40  2004  



