
ROM used:   1052/8192 (13%)
            1052/8192 (13%) including unused fragments

            1.2 Average locations per line
            11.0 Average locations per statement

RAM used:   34/368 (9%) at main() level
            57/368 (15%) worst case

Stack used: 4 worst case (3 in main + 1 for interrupts)
Stack size: 8

Lines Stmts  %   Files
----- ----- ---  -----
   83    43  45  LCD_APRENDENDO.c
   20     0   0  LCD_APRENDENDO.h
  684     0   0  ..\..\..\Desenvolvimento IDE's\PIC Compiler -  CCS v.5.076\PICC\Devices\16F877A.h
  127    53  55  lcd_8bits.c
----- -----
  914    96 Total

Page ROM  %  RAM    Vol Diff  Functions:
---- --- --- ---    --- ----  ----------
0     21   2    1             @delay_ms1
0     51   5    2    294  4.3  output
0     30   3    1    154  1.8  lcd_write_cmd
0     30   3    1    154  1.8  lcd_write_dat
0     31   3    0    179  1.4  lcd_init
0     16   2    4    196  6.1  lcd_gotoxy
0     14   1    1    119  3.4  TIMER0_isr
0    262  25    4   1179  4.8  MAIN
0     31   3    2      1  0.0  @ITOF
0    117  11   13             @MULFF
0     99   9    9             @PRINTF_LU_642
 Inline         5             @FTOSD
0     79   8   13             @DIV3232
0    224  21   13             @PRINTF_L32D_642FPFPF
 Inline         0             @cinit1

Program metrics:
    Functions               8
    Statements              96
    Comments                174
    Volume (V)              3312
    Difficulty (D)          22.7
    Effort to implement (E) 75163
    Time to implement (T)   1 hours, 10 minutes
    Est Delivered Bugs (B)  1
    Cyclomatic Complexity   11
    Maintainability (MI)    140

 Segment     Used  Free
-----------  ----  ----
00000-00003     4  0  
00004-0002E    43  0  
0002F-007FF  1005  996  
00800-00FFF     0  2048  
01000-017FF     0  2048  
01800-01FFF     0  2048  



