
ROM used:   828/8192 (10%)
            828/8192 (10%) including unused fragments

            0.9 Average locations per line
            7.2 Average locations per statement

RAM used:   27/368 (7%) at main() level
            39/368 (11%) worst case

Stack used: 4 worst case (3 in main + 1 for interrupts)
Stack size: 8

Lines Stmts  %   Files
----- ----- ---  -----
  117    62  54  controle_temperatura.c
   18     0   0  controle_temperatura.h
  684     0   0  ..\..\..\Desenvolvimento IDE's\PIC Compiler -  CCS v.5.076\PICC\Devices\16F877A.h
  127    53  46  lcd_8bits.c
----- -----
  946   115 Total

Page ROM  %  RAM    Vol Diff  Functions:
---- --- --- ---    --- ----  ----------
0     20   2    1             @delay_ms1
0     52   6    2    294  4.3  output
0     32   4    1    154  1.8  lcd_write_cmd
0     32   4    1    154  1.8  lcd_write_dat
0     31   4    0    179  1.4  lcd_init
0     16   2    4    196  6.1  lcd_gotoxy
0     11   1    0     82  2.8  TIMER0_isr
0    337  41    0   2003  6.8  MAIN
0     99  12    9             @PRINTF_LU_643
0      3   0    0             @const673
0     86  10    4             @PSTRINGC7_643
0      3   0    0             @const678
0      3   0    0             @const679
0      3   0    0             @const681
0      3   0    0             @const682
0      3   0    0             @const683
0      3   0    0             @const684
0      3   0    0             @const685
0      3   0    0             @const686
0      3   0    0             @const687
0      3   0    0             @const688
 Inline         0             @cinit1

Program metrics:
    Functions               7
    Statements              115
    Comments                164
    Volume (V)              4181
    Difficulty (D)          23.5
    Effort to implement (E) 98040
    Time to implement (T)   1 hours, 31 minutes
    Est Delivered Bugs (B)  1
    Cyclomatic Complexity   14
    Maintainability (MI)    139

 Segment     Used  Free
-----------  ----  ----
00000-00003     4  0  
00004-0004E    75  0  
0004F-007FF   749  1220  
00800-00FFF     0  2048  
01000-017FF     0  2048  
01800-01FFF     0  2048  



